2026-02-16 21:13:49,418 - GestureControl - INFO - ==================================================
2026-02-16 21:13:49,419 - GestureControl - INFO - GestureControl Starting...
2026-02-16 21:13:49,419 - GestureControl - INFO - ==================================================
2026-02-16 21:14:15,907 - GestureControl - INFO - Camera opened successfully
2026-02-16 21:14:15,908 - GestureControl - INFO - Starting gesture recognition...
2026-02-16 21:14:26,210 - GestureControl - INFO - Action: screenshot - SUCCESS
2026-02-16 21:14:26,440 - GestureControl - INFO - Action: screenshot - SUCCESS
2026-02-16 21:14:26,719 - GestureControl - INFO - Action: screenshot - SUCCESS
2026-02-16 21:14:27,068 - GestureControl - INFO - Action: screenshot - SUCCESS
2026-02-16 21:14:27,372 - GestureControl - INFO - Action: screenshot - SUCCESS
2026-02-16 21:14:27,718 - GestureControl - INFO - Action: screenshot - SUCCESS
2026-02-16 21:14:28,026 - GestureControl - INFO - Action: screenshot - SUCCESS
2026-02-16 21:14:28,314 - GestureControl - INFO - Action: screenshot - SUCCESS
2026-02-16 21:14:28,635 - GestureControl - INFO - Action: screenshot - SUCCESS
2026-02-16 21:14:29,093 - GestureControl - INFO - Action: screenshot - SUCCESS
2026-02-16 21:14:29,295 - GestureControl - INFO - Action: screenshot - SUCCESS
2026-02-16 21:14:29,620 - GestureControl - INFO - Action: screenshot - SUCCESS
2026-02-16 21:14:29,976 - GestureControl - INFO - Action: screenshot - SUCCESS
2026-02-16 21:14:30,758 - GestureControl - INFO - Action: screenshot - SUCCESS
2026-02-16 21:14:31,057 - GestureControl - INFO - Action: screenshot - SUCCESS
2026-02-16 21:14:31,368 - GestureControl - INFO - Action: screenshot - SUCCESS
2026-02-16 21:14:31,838 - GestureControl - INFO - Action: screenshot - SUCCESS
2026-02-16 21:14:32,552 - GestureControl - INFO - Action: screenshot - SUCCESS
2026-02-16 21:14:32,855 - GestureControl - INFO - Action: screenshot - SUCCESS
2026-02-16 21:14:33,212 - GestureControl - INFO - Action: screenshot - SUCCESS
2026-02-16 21:14:33,438 - GestureControl - INFO - Action: screenshot - SUCCESS
2026-02-16 21:14:33,795 - GestureControl - INFO - Action: screenshot - SUCCESS
2026-02-16 21:14:34,091 - GestureControl - INFO - Action: screenshot - SUCCESS
2026-02-16 21:14:34,544 - GestureControl - INFO - Action: screenshot - SUCCESS
2026-02-16 21:14:34,786 - GestureControl - INFO - Action: screenshot - SUCCESS
2026-02-16 21:14:35,106 - GestureControl - INFO - Action: screenshot - SUCCESS
2026-02-16 21:14:35,413 - GestureControl - INFO - Action: screenshot - SUCCESS
2026-02-16 21:14:36,002 - GestureControl - INFO - Action: screenshot - SUCCESS
2026-02-16 21:14:36,280 - GestureControl - INFO - Action: screenshot - SUCCESS
2026-02-16 21:14:36,555 - GestureControl - INFO - Action: screenshot - SUCCESS
2026-02-16 21:14:36,889 - GestureControl - INFO - Action: screenshot - SUCCESS
2026-02-16 21:14:37,393 - GestureControl - INFO - Action: screenshot - SUCCESS
2026-02-16 21:14:37,655 - GestureControl - INFO - Action: screenshot - SUCCESS
2026-02-16 21:14:37,970 - GestureControl - INFO - Action: screenshot - SUCCESS
2026-02-16 21:14:38,242 - GestureControl - INFO - Action: screenshot - SUCCESS
2026-02-16 21:14:38,850 - GestureControl - INFO - Action: screenshot - SUCCESS
2026-02-16 21:14:39,059 - GestureControl - INFO - Action: screenshot - SUCCESS
2026-02-16 21:14:39,395 - GestureControl - INFO - Action: screenshot - SUCCESS
2026-02-16 21:14:39,700 - GestureControl - INFO - Action: screenshot - SUCCESS
2026-02-16 21:14:40,161 - GestureControl - INFO - Action: screenshot - SUCCESS
2026-02-16 21:14:40,374 - GestureControl - INFO - Action: screenshot - SUCCESS
2026-02-16 21:14:40,686 - GestureControl - INFO - Action: screenshot - SUCCESS
2026-02-16 21:14:41,005 - GestureControl - INFO - Action: screenshot - SUCCESS
2026-02-16 21:14:41,399 - GestureControl - INFO - Action: screenshot - SUCCESS
2026-02-16 21:14:42,238 - GestureControl - INFO - Action: screenshot - SUCCESS
2026-02-16 21:14:42,608 - GestureControl - INFO - Action: screenshot - SUCCESS
2026-02-16 21:14:42,890 - GestureControl - INFO - Action: screenshot - SUCCESS
2026-02-16 21:14:43,178 - GestureControl - INFO - Action: screenshot - SUCCESS
2026-02-16 21:14:43,558 - GestureControl - INFO - Action: screenshot - SUCCESS
2026-02-16 21:14:43,822 - GestureControl - INFO - Action: screenshot - SUCCESS
2026-02-16 21:14:44,865 - GestureControl - INFO - Action: mouse_move - SUCCESS
2026-02-16 21:14:45,501 - GestureControl - INFO - Action: screenshot - SUCCESS
2026-02-16 21:14:45,565 - GestureControl - INFO - Action: mouse_move - SUCCESS
2026-02-16 21:14:45,953 - GestureControl - INFO - Action: screenshot - SUCCESS
2026-02-16 21:14:46,280 - GestureControl - INFO - Action: screenshot - SUCCESS
2026-02-16 21:14:46,615 - GestureControl - INFO - Action: screenshot - SUCCESS
2026-02-16 21:14:46,899 - GestureControl - INFO - Action: screenshot - SUCCESS
2026-02-16 21:14:47,218 - GestureControl - INFO - Action: screenshot - SUCCESS
2026-02-16 21:14:47,544 - GestureControl - INFO - Action: screenshot - SUCCESS
2026-02-16 21:14:47,975 - GestureControl - INFO - Action: screenshot - SUCCESS
2026-02-16 21:14:48,232 - GestureControl - INFO - Action: screenshot - SUCCESS
2026-02-16 21:14:48,466 - GestureControl - INFO - Action: screenshot - SUCCESS
2026-02-16 21:14:48,770 - GestureControl - INFO - Action: screenshot - SUCCESS
2026-02-16 21:14:49,138 - GestureControl - INFO - Action: screenshot - SUCCESS
2026-02-16 21:14:49,795 - GestureControl - INFO - Action: screenshot - SUCCESS
2026-02-16 21:14:50,003 - GestureControl - INFO - Action: screenshot - SUCCESS
2026-02-16 21:14:50,324 - GestureControl - INFO - Action: screenshot - SUCCESS
2026-02-16 21:14:50,637 - GestureControl - INFO - Action: screenshot - SUCCESS
2026-02-16 21:14:50,958 - GestureControl - INFO - Action: screenshot - SUCCESS
2026-02-16 21:14:51,274 - GestureControl - INFO - Action: screenshot - SUCCESS
2026-02-16 21:14:51,587 - GestureControl - INFO - Action: screenshot - SUCCESS
2026-02-16 21:14:51,906 - GestureControl - INFO - Action: screenshot - SUCCESS
2026-02-16 21:14:52,231 - GestureControl - INFO - Action: screenshot - SUCCESS
2026-02-16 21:14:52,541 - GestureControl - INFO - Action: screenshot - SUCCESS
2026-02-16 21:14:52,858 - GestureControl - INFO - Action: screenshot - SUCCESS
2026-02-16 21:14:53,196 - GestureControl - INFO - Action: screenshot - SUCCESS
2026-02-16 21:14:53,503 - GestureControl - INFO - Action: screenshot - SUCCESS
2026-02-16 21:14:53,802 - GestureControl - INFO - Action: screenshot - SUCCESS
2026-02-16 21:14:54,128 - GestureControl - INFO - Action: screenshot - SUCCESS
2026-02-16 21:14:54,449 - GestureControl - INFO - Action: screenshot - SUCCESS
2026-02-16 21:14:54,794 - GestureControl - INFO - Action: screenshot - SUCCESS
2026-02-16 21:14:55,135 - GestureControl - INFO - Action: screenshot - SUCCESS
2026-02-16 21:14:55,484 - GestureControl - INFO - Action: screenshot - SUCCESS
2026-02-16 21:14:55,783 - GestureControl - INFO - Action: screenshot - SUCCESS
2026-02-16 21:14:56,109 - GestureControl - INFO - Action: screenshot - SUCCESS
2026-02-16 21:14:56,433 - GestureControl - INFO - Action: screenshot - SUCCESS
2026-02-16 21:14:56,753 - GestureControl - INFO - Action: screenshot - SUCCESS
2026-02-16 21:14:57,073 - GestureControl - INFO - Action: screenshot - SUCCESS
2026-02-16 21:14:57,389 - GestureControl - INFO - Action: screenshot - SUCCESS
2026-02-16 21:14:57,690 - GestureControl - INFO - Action: screenshot - SUCCESS
2026-02-16 21:14:58,009 - GestureControl - INFO - Action: screenshot - SUCCESS
2026-02-16 21:14:58,298 - GestureControl - INFO - Action: screenshot - SUCCESS
2026-02-16 21:14:58,604 - GestureControl - INFO - Action: screenshot - SUCCESS
2026-02-16 21:14:58,921 - GestureControl - INFO - Action: screenshot - SUCCESS
2026-02-16 21:14:59,242 - GestureControl - INFO - Action: screenshot - SUCCESS
2026-02-16 21:14:59,540 - GestureControl - INFO - Action: screenshot - SUCCESS
2026-02-16 21:14:59,845 - GestureControl - INFO - Action: screenshot - SUCCESS
2026-02-16 21:15:00,168 - GestureControl - INFO - Action: screenshot - SUCCESS
2026-02-16 21:15:00,500 - GestureControl - INFO - Action: screenshot - SUCCESS
2026-02-16 21:15:00,802 - GestureControl - INFO - Action: screenshot - SUCCESS
2026-02-16 21:15:01,140 - GestureControl - INFO - Action: screenshot - SUCCESS
2026-02-16 21:15:01,433 - GestureControl - INFO - Action: screenshot - SUCCESS
2026-02-16 21:15:01,801 - GestureControl - INFO - Action: screenshot - SUCCESS
2026-02-16 21:15:02,086 - GestureControl - INFO - Action: screenshot - SUCCESS
2026-02-16 21:15:02,446 - GestureControl - INFO - Action: screenshot - SUCCESS
2026-02-16 21:15:02,705 - GestureControl - INFO - Action: screenshot - SUCCESS
2026-02-16 21:15:03,054 - GestureControl - INFO - Action: screenshot - SUCCESS
2026-02-16 21:15:03,372 - GestureControl - INFO - Action: screenshot - SUCCESS
2026-02-16 21:15:03,671 - GestureControl - INFO - Action: screenshot - SUCCESS
2026-02-16 21:15:03,984 - GestureControl - INFO - Action: screenshot - SUCCESS
2026-02-16 21:15:04,326 - GestureControl - INFO - Action: screenshot - SUCCESS
2026-02-16 21:15:04,663 - GestureControl - INFO - Action: screenshot - SUCCESS
2026-02-16 21:15:05,028 - GestureControl - INFO - Action: screenshot - SUCCESS
2026-02-16 21:15:05,307 - GestureControl - INFO - Action: screenshot - SUCCESS
2026-02-16 21:15:05,682 - GestureControl - INFO - Action: screenshot - SUCCESS
2026-02-16 21:15:06,045 - GestureControl - INFO - Action: screenshot - SUCCESS
2026-02-16 21:15:06,352 - GestureControl - INFO - Action: screenshot - SUCCESS
2026-02-16 21:15:06,646 - GestureControl - INFO - Action: screenshot - SUCCESS
2026-02-16 21:15:07,004 - GestureControl - INFO - Action: screenshot - SUCCESS
2026-02-16 21:15:07,271 - GestureControl - INFO - Action: screenshot - SUCCESS
2026-02-16 21:15:07,596 - GestureControl - INFO - Action: screenshot - SUCCESS
2026-02-16 21:15:07,905 - GestureControl - INFO - Action: screenshot - SUCCESS
2026-02-16 21:15:08,257 - GestureControl - INFO - Action: screenshot - SUCCESS
2026-02-16 21:15:08,568 - GestureControl - INFO - Action: screenshot - SUCCESS
2026-02-16 21:15:08,903 - GestureControl - INFO - Action: screenshot - SUCCESS
2026-02-16 21:15:09,217 - GestureControl - INFO - Action: screenshot - SUCCESS
2026-02-16 21:15:09,516 - GestureControl - INFO - Action: screenshot - SUCCESS
2026-02-16 21:15:09,866 - GestureControl - INFO - Action: screenshot - SUCCESS
2026-02-16 21:15:10,178 - GestureControl - INFO - Action: screenshot - SUCCESS
2026-02-16 21:15:10,475 - GestureControl - INFO - Action: screenshot - SUCCESS
2026-02-16 21:15:10,784 - GestureControl - INFO - Action: screenshot - SUCCESS
2026-02-16 21:15:11,132 - GestureControl - INFO - Action: screenshot - SUCCESS
2026-02-16 21:15:11,443 - GestureControl - INFO - Action: screenshot - SUCCESS
2026-02-16 21:15:11,745 - GestureControl - INFO - Action: screenshot - SUCCESS
2026-02-16 21:15:12,106 - GestureControl - INFO - Action: screenshot - SUCCESS
2026-02-16 21:15:12,437 - GestureControl - INFO - Action: screenshot - SUCCESS
2026-02-16 21:15:12,731 - GestureControl - INFO - Action: screenshot - SUCCESS
2026-02-16 21:15:13,065 - GestureControl - INFO - Action: screenshot - SUCCESS
2026-02-16 21:15:13,384 - GestureControl - INFO - Action: screenshot - SUCCESS
2026-02-16 21:15:13,676 - GestureControl - INFO - Action: screenshot - SUCCESS
2026-02-16 21:15:13,988 - GestureControl - INFO - Action: screenshot - SUCCESS
2026-02-16 21:15:14,362 - GestureControl - INFO - Action: screenshot - SUCCESS
2026-02-16 21:15:14,656 - GestureControl - INFO - Action: screenshot - SUCCESS
2026-02-16 21:15:14,961 - GestureControl - INFO - Action: screenshot - SUCCESS
2026-02-16 21:15:15,307 - GestureControl - INFO - Action: screenshot - SUCCESS
2026-02-16 21:15:15,621 - GestureControl - INFO - Action: screenshot - SUCCESS
2026-02-16 21:15:15,958 - GestureControl - INFO - Action: screenshot - SUCCESS
2026-02-16 21:15:16,257 - GestureControl - INFO - Action: screenshot - SUCCESS
2026-02-16 21:15:16,600 - GestureControl - INFO - Action: screenshot - SUCCESS
2026-02-16 21:15:16,910 - GestureControl - INFO - Action: screenshot - SUCCESS
2026-02-16 21:15:17,233 - GestureControl - INFO - Action: screenshot - SUCCESS
2026-02-16 21:15:17,573 - GestureControl - INFO - Action: screenshot - SUCCESS
2026-02-16 21:15:17,893 - GestureControl - INFO - Action: screenshot - SUCCESS
2026-02-16 21:15:18,194 - GestureControl - INFO - Action: screenshot - SUCCESS
2026-02-16 21:15:18,507 - GestureControl - INFO - Action: screenshot - SUCCESS
2026-02-16 21:15:18,854 - GestureControl - INFO - Action: screenshot - SUCCESS
2026-02-16 21:15:19,163 - GestureControl - INFO - Action: screenshot - SUCCESS
2026-02-16 21:15:19,472 - GestureControl - INFO - Action: screenshot - SUCCESS
2026-02-16 21:15:19,770 - GestureControl - INFO - Action: screenshot - SUCCESS
2026-02-16 21:15:20,098 - GestureControl - INFO - Action: screenshot - SUCCESS
2026-02-16 21:15:20,455 - GestureControl - INFO - Action: screenshot - SUCCESS
2026-02-16 21:15:20,762 - GestureControl - INFO - Action: screenshot - SUCCESS
2026-02-16 21:15:21,085 - GestureControl - INFO - Action: screenshot - SUCCESS
2026-02-16 21:15:21,369 - GestureControl - INFO - Action: screenshot - SUCCESS
2026-02-16 21:15:21,720 - GestureControl - INFO - Action: screenshot - SUCCESS
2026-02-16 21:15:22,000 - GestureControl - INFO - Action: screenshot - SUCCESS
2026-02-16 21:15:22,345 - GestureControl - INFO - Action: screenshot - SUCCESS
2026-02-16 21:15:22,664 - GestureControl - INFO - Action: screenshot - SUCCESS
2026-02-16 21:15:22,982 - GestureControl - INFO - Action: screenshot - SUCCESS
2026-02-16 21:15:23,295 - GestureControl - INFO - Action: screenshot - SUCCESS
2026-02-16 21:15:23,607 - GestureControl - INFO - Action: screenshot - SUCCESS
2026-02-16 21:15:23,935 - GestureControl - INFO - Action: screenshot - SUCCESS
2026-02-16 21:15:24,271 - GestureControl - INFO - Action: screenshot - SUCCESS
2026-02-16 21:15:24,542 - GestureControl - INFO - Action: screenshot - SUCCESS
2026-02-16 21:15:24,888 - GestureControl - INFO - Action: screenshot - SUCCESS
2026-02-16 21:15:25,174 - GestureControl - INFO - Action: screenshot - SUCCESS
2026-02-16 21:15:25,582 - GestureControl - INFO - Action: screenshot - SUCCESS
2026-02-16 21:15:25,845 - GestureControl - INFO - Action: screenshot - SUCCESS
2026-02-16 21:15:26,160 - GestureControl - INFO - Action: screenshot - SUCCESS
2026-02-16 21:15:26,474 - GestureControl - INFO - Action: screenshot - SUCCESS
2026-02-16 21:15:26,809 - GestureControl - INFO - Action: screenshot - SUCCESS
2026-02-16 21:15:27,135 - GestureControl - INFO - Action: screenshot - SUCCESS
2026-02-16 21:15:27,482 - GestureControl - INFO - Action: screenshot - SUCCESS
2026-02-16 21:15:27,763 - GestureControl - INFO - Action: screenshot - SUCCESS
2026-02-16 21:15:28,113 - GestureControl - INFO - Action: screenshot - SUCCESS
2026-02-16 21:15:28,406 - GestureControl - INFO - Action: screenshot - SUCCESS
2026-02-16 21:15:28,749 - GestureControl - INFO - Action: screenshot - SUCCESS
2026-02-16 21:15:29,052 - GestureControl - INFO - Action: screenshot - SUCCESS
2026-02-16 21:15:29,370 - GestureControl - INFO - Action: screenshot - SUCCESS
2026-02-16 21:15:29,713 - GestureControl - INFO - Action: screenshot - SUCCESS
2026-02-16 21:15:30,043 - GestureControl - INFO - Action: screenshot - SUCCESS
2026-02-16 21:15:30,337 - GestureControl - INFO - Action: screenshot - SUCCESS
2026-02-16 21:15:30,681 - GestureControl - INFO - Action: screenshot - SUCCESS
2026-02-16 21:15:30,994 - GestureControl - INFO - Action: screenshot - SUCCESS
2026-02-16 21:15:31,321 - GestureControl - INFO - Action: screenshot - SUCCESS
2026-02-16 21:15:31,682 - GestureControl - INFO - Action: screenshot - SUCCESS
2026-02-16 21:15:32,034 - GestureControl - INFO - Action: screenshot - SUCCESS
2026-02-16 21:15:32,322 - GestureControl - INFO - Action: screenshot - SUCCESS
2026-02-16 21:15:32,665 - GestureControl - INFO - Action: screenshot - SUCCESS
2026-02-16 21:15:33,047 - GestureControl - INFO - Action: screenshot - SUCCESS
2026-02-16 21:15:33,367 - GestureControl - INFO - Action: screenshot - SUCCESS
2026-02-16 21:15:33,642 - GestureControl - INFO - Action: screenshot - SUCCESS
2026-02-16 21:15:33,986 - GestureControl - INFO - Action: screenshot - SUCCESS
2026-02-16 21:15:34,284 - GestureControl - INFO - Action: screenshot - SUCCESS
2026-02-16 21:15:34,620 - GestureControl - INFO - Action: screenshot - SUCCESS
2026-02-16 21:15:34,901 - GestureControl - INFO - Action: screenshot - SUCCESS
2026-02-16 21:15:35,270 - GestureControl - INFO - Action: screenshot - SUCCESS
2026-02-16 21:15:35,592 - GestureControl - INFO - Action: screenshot - SUCCESS
2026-02-16 21:15:35,950 - GestureControl - INFO - Action: screenshot - SUCCESS
2026-02-16 21:15:36,256 - GestureControl - INFO - Action: screenshot - SUCCESS
2026-02-16 21:15:36,644 - GestureControl - INFO - Action: screenshot - SUCCESS
2026-02-16 21:15:36,995 - GestureControl - INFO - Action: screenshot - SUCCESS
2026-02-16 21:15:37,322 - GestureControl - INFO - Action: screenshot - SUCCESS
2026-02-16 21:15:37,577 - GestureControl - INFO - Action: screenshot - SUCCESS
2026-02-16 21:15:37,965 - GestureControl - INFO - Action: screenshot - SUCCESS
2026-02-16 21:15:38,272 - GestureControl - INFO - Action: screenshot - SUCCESS
2026-02-16 21:15:38,576 - GestureControl - INFO - Action: screenshot - SUCCESS
2026-02-16 21:15:38,893 - GestureControl - INFO - Action: screenshot - SUCCESS
2026-02-16 21:15:39,178 - GestureControl - INFO - Action: screenshot - SUCCESS
2026-02-16 21:15:39,489 - GestureControl - INFO - Action: screenshot - SUCCESS
2026-02-16 21:15:39,837 - GestureControl - INFO - Action: screenshot - SUCCESS
2026-02-16 21:15:40,154 - GestureControl - INFO - Action: screenshot - SUCCESS
2026-02-16 21:15:40,490 - GestureControl - INFO - Action: screenshot - SUCCESS
2026-02-16 21:15:40,795 - GestureControl - INFO - Action: screenshot - SUCCESS
2026-02-16 21:15:41,137 - GestureControl - INFO - Action: screenshot - SUCCESS
2026-02-16 21:15:41,451 - GestureControl - INFO - Action: screenshot - SUCCESS
2026-02-16 21:15:41,793 - GestureControl - INFO - Action: screenshot - SUCCESS
2026-02-16 21:15:42,086 - GestureControl - INFO - Action: screenshot - SUCCESS
2026-02-16 21:15:42,416 - GestureControl - INFO - Action: screenshot - SUCCESS
2026-02-16 21:15:42,715 - GestureControl - INFO - Action: screenshot - SUCCESS
2026-02-16 21:15:43,050 - GestureControl - INFO - Action: screenshot - SUCCESS
2026-02-16 21:15:43,360 - GestureControl - INFO - Action: screenshot - SUCCESS
2026-02-16 21:15:43,681 - GestureControl - INFO - Action: screenshot - SUCCESS
2026-02-16 21:15:43,985 - GestureControl - INFO - Action: screenshot - SUCCESS
2026-02-16 21:15:44,293 - GestureControl - INFO - Action: screenshot - SUCCESS
2026-02-16 21:15:44,585 - GestureControl - INFO - Action: screenshot - SUCCESS
2026-02-16 21:15:44,909 - GestureControl - INFO - Action: screenshot - SUCCESS
2026-02-16 21:15:45,219 - GestureControl - INFO - Action: screenshot - SUCCESS
2026-02-16 21:15:45,551 - GestureControl - INFO - Action: screenshot - SUCCESS
2026-02-16 21:15:45,862 - GestureControl - INFO - Action: screenshot - SUCCESS
2026-02-16 21:15:46,194 - GestureControl - INFO - Action: screenshot - SUCCESS
2026-02-16 21:15:46,466 - GestureControl - INFO - Action: screenshot - SUCCESS
2026-02-16 21:15:46,825 - GestureControl - INFO - Action: screenshot - SUCCESS
2026-02-16 21:15:47,110 - GestureControl - INFO - Action: screenshot - SUCCESS
2026-02-16 21:15:47,388 - GestureControl - INFO - Action: screenshot - SUCCESS
2026-02-16 21:15:47,772 - GestureControl - INFO - Action: screenshot - SUCCESS
2026-02-16 21:15:48,115 - GestureControl - INFO - Action: screenshot - SUCCESS
2026-02-16 21:15:48,375 - GestureControl - INFO - Action: screenshot - SUCCESS
2026-02-16 21:15:48,705 - GestureControl - INFO - Action: screenshot - SUCCESS
2026-02-16 21:15:49,022 - GestureControl - INFO - Action: screenshot - SUCCESS
2026-02-16 21:15:49,344 - GestureControl - INFO - Action: screenshot - SUCCESS
2026-02-16 21:15:49,666 - GestureControl - INFO - Action: screenshot - SUCCESS
2026-02-16 21:15:49,986 - GestureControl - INFO - Action: screenshot - SUCCESS
2026-02-16 21:15:50,341 - GestureControl - INFO - Action: screenshot - SUCCESS
2026-02-16 21:15:50,683 - GestureControl - INFO - Action: screenshot - SUCCESS
2026-02-16 21:15:50,979 - GestureControl - INFO - Action: screenshot - SUCCESS
2026-02-16 21:15:51,310 - GestureControl - INFO - Action: screenshot - SUCCESS
2026-02-16 21:15:51,632 - GestureControl - INFO - Action: screenshot - SUCCESS
2026-02-16 21:15:51,961 - GestureControl - INFO - Action: screenshot - SUCCESS
2026-02-16 21:15:52,256 - GestureControl - INFO - Action: screenshot - SUCCESS
2026-02-16 21:15:52,721 - GestureControl - INFO - Action: screenshot - SUCCESS
2026-02-16 21:15:53,056 - GestureControl - INFO - Action: screenshot - SUCCESS
2026-02-16 21:15:53,401 - GestureControl - INFO - Action: screenshot - SUCCESS
2026-02-16 21:15:53,697 - GestureControl - INFO - Action: screenshot - SUCCESS
2026-02-16 21:15:54,028 - GestureControl - INFO - Action: screenshot - SUCCESS
2026-02-16 21:15:54,381 - GestureControl - INFO - Action: screenshot - SUCCESS
2026-02-16 21:15:54,718 - GestureControl - INFO - Action: screenshot - SUCCESS
2026-02-16 21:15:55,000 - GestureControl - INFO - Action: screenshot - SUCCESS
2026-02-16 21:15:55,311 - GestureControl - INFO - Action: screenshot - SUCCESS
2026-02-16 21:15:55,599 - GestureControl - INFO - Action: screenshot - SUCCESS
2026-02-16 21:15:55,953 - GestureControl - INFO - Action: screenshot - SUCCESS
2026-02-16 21:15:56,286 - GestureControl - INFO - Action: screenshot - SUCCESS
2026-02-16 21:15:56,610 - GestureControl - INFO - Action: screenshot - SUCCESS
2026-02-16 21:15:56,939 - GestureControl - INFO - Action: screenshot - SUCCESS
2026-02-16 21:15:57,324 - GestureControl - INFO - Action: screenshot - SUCCESS
2026-02-16 21:15:57,632 - GestureControl - INFO - Action: screenshot - SUCCESS
2026-02-16 21:15:58,012 - GestureControl - INFO - Action: screenshot - SUCCESS
2026-02-16 21:15:58,308 - GestureControl - INFO - Action: screenshot - SUCCESS
2026-02-16 21:15:58,594 - GestureControl - INFO - Action: screenshot - SUCCESS
2026-02-16 21:15:58,919 - GestureControl - INFO - Action: screenshot - SUCCESS
2026-02-16 21:15:59,243 - GestureControl - INFO - Action: screenshot - SUCCESS
2026-02-16 21:15:59,561 - GestureControl - INFO - Action: screenshot - SUCCESS
2026-02-16 21:15:59,915 - GestureControl - INFO - Action: screenshot - SUCCESS
2026-02-16 21:16:00,234 - GestureControl - INFO - Action: screenshot - SUCCESS
2026-02-16 21:16:00,537 - GestureControl - INFO - Action: screenshot - SUCCESS
2026-02-16 21:16:00,853 - GestureControl - INFO - Action: screenshot - SUCCESS
2026-02-16 21:16:01,157 - GestureControl - INFO - Action: screenshot - SUCCESS
2026-02-16 21:16:01,500 - GestureControl - INFO - Action: screenshot - SUCCESS
2026-02-16 21:16:01,826 - GestureControl - INFO - Action: screenshot - SUCCESS
2026-02-16 21:16:02,120 - GestureControl - INFO - Action: screenshot - SUCCESS
2026-02-16 21:16:02,445 - GestureControl - INFO - Action: screenshot - SUCCESS
2026-02-16 21:16:02,734 - GestureControl - INFO - Action: screenshot - SUCCESS
2026-02-16 21:16:03,054 - GestureControl - INFO - Action: screenshot - SUCCESS
2026-02-16 21:16:03,366 - GestureControl - INFO - Action: screenshot - SUCCESS
2026-02-16 21:16:03,716 - GestureControl - INFO - Action: screenshot - SUCCESS
2026-02-16 21:16:04,003 - GestureControl - INFO - Action: screenshot - SUCCESS
2026-02-16 21:16:04,316 - GestureControl - INFO - Action: screenshot - SUCCESS
2026-02-16 21:16:04,634 - GestureControl - INFO - Action: screenshot - SUCCESS
2026-02-16 21:16:04,949 - GestureControl - INFO - Action: screenshot - SUCCESS
2026-02-16 21:16:05,251 - GestureControl - INFO - Action: screenshot - SUCCESS
2026-02-16 21:16:05,600 - GestureControl - INFO - Action: screenshot - SUCCESS
2026-02-16 21:16:05,918 - GestureControl - INFO - Action: screenshot - SUCCESS
2026-02-16 21:16:06,227 - GestureControl - INFO - Action: screenshot - SUCCESS
2026-02-16 21:16:06,535 - GestureControl - INFO - Action: screenshot - SUCCESS
2026-02-16 21:16:06,838 - GestureControl - INFO - Action: screenshot - SUCCESS
2026-02-16 21:16:07,152 - GestureControl - INFO - Action: screenshot - SUCCESS
2026-02-16 21:16:07,519 - GestureControl - INFO - Action: screenshot - SUCCESS
2026-02-16 21:16:07,840 - GestureControl - INFO - Action: screenshot - SUCCESS
2026-02-16 21:16:08,157 - GestureControl - INFO - Action: screenshot - SUCCESS
2026-02-16 21:16:08,475 - GestureControl - INFO - Action: screenshot - SUCCESS
2026-02-16 21:16:08,775 - GestureControl - INFO - Action: screenshot - SUCCESS
2026-02-16 21:16:09,084 - GestureControl - INFO - Action: screenshot - SUCCESS
2026-02-16 21:16:09,425 - GestureControl - INFO - Action: screenshot - SUCCESS
2026-02-16 21:16:09,480 - GestureControl - INFO - Action: mouse_move - SUCCESS
2026-02-16 21:16:09,791 - GestureControl - INFO - Action: screenshot - SUCCESS
2026-02-16 21:16:10,124 - GestureControl - INFO - Action: screenshot - SUCCESS
2026-02-16 21:16:10,181 - GestureControl - INFO - Action: mouse_move - SUCCESS
2026-02-16 21:16:10,404 - GestureControl - INFO - Action: screenshot - SUCCESS
2026-02-16 21:16:10,763 - GestureControl - INFO - Action: screenshot - SUCCESS
2026-02-16 21:16:11,089 - GestureControl - INFO - Action: screenshot - SUCCESS
2026-02-16 21:16:11,380 - GestureControl - INFO - Action: screenshot - SUCCESS
2026-02-16 21:16:11,504 - GestureControl - INFO - Action: mouse_move - SUCCESS
2026-02-16 21:16:11,739 - GestureControl - INFO - Action: screenshot - SUCCESS
2026-02-16 21:16:12,039 - GestureControl - INFO - Action: screenshot - SUCCESS
2026-02-16 21:16:12,371 - GestureControl - INFO - Action: screenshot - SUCCESS
2026-02-16 21:16:12,694 - GestureControl - INFO - Action: screenshot - SUCCESS
2026-02-16 21:16:13,006 - GestureControl - INFO - Action: screenshot - SUCCESS
2026-02-16 21:16:13,338 - GestureControl - INFO - Action: screenshot - SUCCESS
2026-02-16 21:16:13,642 - GestureControl - INFO - Action: screenshot - SUCCESS
2026-02-16 21:16:13,976 - GestureControl - INFO - Action: screenshot - SUCCESS
2026-02-16 21:16:14,306 - GestureControl - INFO - Action: screenshot - SUCCESS
2026-02-16 21:16:14,629 - GestureControl - INFO - Action: screenshot - SUCCESS
2026-02-16 21:16:14,946 - GestureControl - INFO - Action: screenshot - SUCCESS
2026-02-16 21:16:15,281 - GestureControl - INFO - Action: screenshot - SUCCESS
2026-02-16 21:16:15,576 - GestureControl - INFO - Action: screenshot - SUCCESS
2026-02-16 21:16:15,943 - GestureControl - INFO - Action: screenshot - SUCCESS
2026-02-16 21:16:16,245 - GestureControl - INFO - Action: screenshot - SUCCESS
2026-02-16 21:16:16,601 - GestureControl - INFO - Action: screenshot - SUCCESS
2026-02-16 21:16:16,915 - GestureControl - INFO - Action: screenshot - SUCCESS
2026-02-16 21:16:17,232 - GestureControl - INFO - Action: screenshot - SUCCESS
2026-02-16 21:16:17,510 - GestureControl - INFO - Action: screenshot - SUCCESS
2026-02-16 21:16:17,838 - GestureControl - INFO - Action: screenshot - SUCCESS
2026-02-16 21:16:18,151 - GestureControl - INFO - Action: screenshot - SUCCESS
2026-02-16 21:16:18,476 - GestureControl - INFO - Action: screenshot - SUCCESS
2026-02-16 21:16:18,785 - GestureControl - INFO - Action: screenshot - SUCCESS
2026-02-16 21:16:19,108 - GestureControl - INFO - Action: screenshot - SUCCESS
2026-02-16 21:16:19,435 - GestureControl - INFO - Action: screenshot - SUCCESS
2026-02-16 21:16:19,775 - GestureControl - INFO - Action: screenshot - SUCCESS
2026-02-16 21:16:20,220 - GestureControl - INFO - Action: screenshot - SUCCESS
2026-02-16 21:16:20,569 - GestureControl - INFO - Action: screenshot - SUCCESS
2026-02-16 21:16:20,871 - GestureControl - INFO - Action: screenshot - SUCCESS
2026-02-16 21:16:21,205 - GestureControl - INFO - Action: screenshot - SUCCESS
2026-02-16 21:16:21,513 - GestureControl - INFO - Action: screenshot - SUCCESS
2026-02-16 21:16:21,804 - GestureControl - INFO - Action: screenshot - SUCCESS
2026-02-16 21:16:22,149 - GestureControl - INFO - Action: screenshot - SUCCESS
2026-02-16 21:16:22,444 - GestureControl - INFO - Action: screenshot - SUCCESS
2026-02-16 21:16:22,758 - GestureControl - INFO - Action: screenshot - SUCCESS
2026-02-16 21:16:23,090 - GestureControl - INFO - Action: screenshot - SUCCESS
2026-02-16 21:16:23,375 - GestureControl - INFO - Action: screenshot - SUCCESS
2026-02-16 21:16:23,702 - GestureControl - INFO - Action: screenshot - SUCCESS
2026-02-16 21:16:24,029 - GestureControl - INFO - Action: screenshot - SUCCESS
2026-02-16 21:16:24,330 - GestureControl - INFO - Action: screenshot - SUCCESS
2026-02-16 21:16:24,632 - GestureControl - INFO - Action: screenshot - SUCCESS
2026-02-16 21:16:24,956 - GestureControl - INFO - Action: screenshot - SUCCESS
2026-02-16 21:16:25,299 - GestureControl - INFO - Action: screenshot - SUCCESS
2026-02-16 21:16:25,583 - GestureControl - INFO - Action: screenshot - SUCCESS
2026-02-16 21:16:25,937 - GestureControl - INFO - Action: screenshot - SUCCESS
2026-02-16 21:16:26,258 - GestureControl - INFO - Action: screenshot - SUCCESS
2026-02-16 21:16:26,608 - GestureControl - INFO - Action: screenshot - SUCCESS
2026-02-16 21:16:26,922 - GestureControl - INFO - Action: screenshot - SUCCESS
2026-02-16 21:16:27,243 - GestureControl - INFO - Action: screenshot - SUCCESS
2026-02-16 21:16:27,552 - GestureControl - INFO - Action: screenshot - SUCCESS
2026-02-16 21:16:27,877 - GestureControl - INFO - Action: screenshot - SUCCESS
2026-02-16 21:16:28,213 - GestureControl - INFO - Action: screenshot - SUCCESS
2026-02-16 21:16:28,519 - GestureControl - INFO - Action: screenshot - SUCCESS
2026-02-16 21:16:28,856 - GestureControl - INFO - Action: screenshot - SUCCESS
2026-02-16 21:16:29,152 - GestureControl - INFO - Action: screenshot - SUCCESS
2026-02-16 21:16:29,493 - GestureControl - INFO - Action: screenshot - SUCCESS
2026-02-16 21:16:29,807 - GestureControl - INFO - Action: screenshot - SUCCESS
2026-02-16 21:16:30,126 - GestureControl - INFO - Action: screenshot - SUCCESS
2026-02-16 21:16:30,435 - GestureControl - INFO - Action: screenshot - SUCCESS
2026-02-16 21:16:30,756 - GestureControl - INFO - Action: screenshot - SUCCESS
2026-02-16 21:16:31,083 - GestureControl - INFO - Action: screenshot - SUCCESS
2026-02-16 21:16:31,401 - GestureControl - INFO - Action: screenshot - SUCCESS
2026-02-16 21:16:31,704 - GestureControl - INFO - Action: screenshot - SUCCESS
2026-02-16 21:16:32,020 - GestureControl - INFO - Action: screenshot - SUCCESS
2026-02-16 21:16:32,342 - GestureControl - INFO - Action: screenshot - SUCCESS
2026-02-16 21:16:32,642 - GestureControl - INFO - Action: screenshot - SUCCESS
2026-02-16 21:16:32,956 - GestureControl - INFO - Action: screenshot - SUCCESS
2026-02-16 21:16:33,278 - GestureControl - INFO - Action: screenshot - SUCCESS
2026-02-16 21:16:33,623 - GestureControl - INFO - Action: screenshot - SUCCESS
2026-02-16 21:16:33,938 - GestureControl - INFO - Action: screenshot - SUCCESS
2026-02-16 21:16:34,253 - GestureControl - INFO - Action: screenshot - SUCCESS
2026-02-16 21:16:34,588 - GestureControl - INFO - Action: screenshot - SUCCESS
2026-02-16 21:16:34,871 - GestureControl - INFO - Action: screenshot - SUCCESS
2026-02-16 21:16:35,193 - GestureControl - INFO - Action: screenshot - SUCCESS
2026-02-16 21:16:35,534 - GestureControl - INFO - Action: screenshot - SUCCESS
2026-02-16 21:16:35,895 - GestureControl - INFO - Action: screenshot - SUCCESS
2026-02-16 21:16:36,182 - GestureControl - INFO - Action: screenshot - SUCCESS
2026-02-16 21:16:36,503 - GestureControl - INFO - Action: screenshot - SUCCESS
2026-02-16 21:16:36,810 - GestureControl - INFO - Action: screenshot - SUCCESS
2026-02-16 21:16:37,146 - GestureControl - INFO - Action: screenshot - SUCCESS
2026-02-16 21:16:37,463 - GestureControl - INFO - Action: screenshot - SUCCESS
2026-02-16 21:16:37,783 - GestureControl - INFO - Action: screenshot - SUCCESS
2026-02-16 21:16:38,104 - GestureControl - INFO - Action: screenshot - SUCCESS
2026-02-16 21:16:38,412 - GestureControl - INFO - Action: screenshot - SUCCESS
2026-02-16 21:16:38,711 - GestureControl - INFO - Action: screenshot - SUCCESS
2026-02-16 21:16:39,075 - GestureControl - INFO - Action: screenshot - SUCCESS
2026-02-16 21:16:39,434 - GestureControl - INFO - Action: screenshot - SUCCESS
2026-02-16 21:16:39,791 - GestureControl - INFO - Action: screenshot - SUCCESS
2026-02-16 21:16:40,077 - GestureControl - INFO - Action: screenshot - SUCCESS
2026-02-16 21:16:40,381 - GestureControl - INFO - Action: screenshot - SUCCESS
2026-02-16 21:16:40,718 - GestureControl - INFO - Action: screenshot - SUCCESS
2026-02-16 21:16:41,124 - GestureControl - INFO - Action: screenshot - SUCCESS
2026-02-16 21:16:41,405 - GestureControl - INFO - Action: screenshot - SUCCESS
2026-02-16 21:16:41,758 - GestureControl - INFO - Action: screenshot - SUCCESS
2026-02-16 21:16:42,071 - GestureControl - INFO - Action: screenshot - SUCCESS
2026-02-16 21:16:42,388 - GestureControl - INFO - Action: screenshot - SUCCESS
2026-02-16 21:16:42,704 - GestureControl - INFO - Action: screenshot - SUCCESS
2026-02-16 21:16:43,039 - GestureControl - INFO - Action: screenshot - SUCCESS
2026-02-16 21:16:43,336 - GestureControl - INFO - Action: screenshot - SUCCESS
2026-02-16 21:16:43,733 - GestureControl - INFO - Action: screenshot - SUCCESS
2026-02-16 21:16:44,038 - GestureControl - INFO - Action: screenshot - SUCCESS
2026-02-16 21:16:44,405 - GestureControl - INFO - Action: screenshot - SUCCESS
2026-02-16 21:16:44,696 - GestureControl - INFO - Action: screenshot - SUCCESS
2026-02-16 21:16:45,009 - GestureControl - INFO - Action: screenshot - SUCCESS
2026-02-16 21:16:45,311 - GestureControl - INFO - Action: screenshot - SUCCESS
2026-02-16 21:16:45,607 - GestureControl - INFO - Action: screenshot - SUCCESS
2026-02-16 21:16:45,945 - GestureControl - INFO - Action: screenshot - SUCCESS
2026-02-16 21:16:46,297 - GestureControl - INFO - Action: screenshot - SUCCESS
2026-02-16 21:16:46,639 - GestureControl - INFO - Action: screenshot - SUCCESS
2026-02-16 21:16:46,984 - GestureControl - INFO - Action: screenshot - SUCCESS
2026-02-16 21:16:47,274 - GestureControl - INFO - Action: screenshot - SUCCESS
2026-02-16 21:16:47,597 - GestureControl - INFO - Action: screenshot - SUCCESS
2026-02-16 21:16:47,959 - GestureControl - INFO - Action: screenshot - SUCCESS
2026-02-16 21:16:48,388 - GestureControl - INFO - Action: screenshot - SUCCESS
2026-02-16 21:16:48,631 - GestureControl - INFO - Action: screenshot - SUCCESS
2026-02-16 21:16:48,981 - GestureControl - INFO - Action: screenshot - SUCCESS
2026-02-16 21:16:49,279 - GestureControl - INFO - Action: screenshot - SUCCESS
2026-02-16 21:16:49,593 - GestureControl - INFO - Action: screenshot - SUCCESS
2026-02-16 21:16:49,944 - GestureControl - INFO - Action: screenshot - SUCCESS
2026-02-16 21:16:50,224 - GestureControl - INFO - Action: screenshot - SUCCESS
2026-02-16 21:16:50,545 - GestureControl - INFO - Action: screenshot - SUCCESS
2026-02-16 21:16:50,881 - GestureControl - INFO - Action: screenshot - SUCCESS
2026-02-16 21:16:51,173 - GestureControl - INFO - Action: screenshot - SUCCESS
2026-02-16 21:16:51,492 - GestureControl - INFO - Action: screenshot - SUCCESS
2026-02-16 21:16:51,675 - GestureControl - INFO - Action: mouse_move - SUCCESS
2026-02-16 21:16:51,910 - GestureControl - INFO - Action: screenshot - SUCCESS
2026-02-16 21:16:52,223 - GestureControl - INFO - Action: screenshot - SUCCESS
2026-02-16 21:16:52,498 - GestureControl - INFO - Action: screenshot - SUCCESS
2026-02-16 21:16:52,837 - GestureControl - INFO - Action: screenshot - SUCCESS
2026-02-16 21:16:53,144 - GestureControl - INFO - Action: screenshot - SUCCESS
2026-02-16 21:16:53,268 - GestureControl - INFO - Action: mouse_move - SUCCESS
2026-02-16 21:16:53,532 - GestureControl - INFO - Action: screenshot - SUCCESS
2026-02-16 21:16:53,986 - GestureControl - INFO - Action: screenshot - SUCCESS
2026-02-16 21:16:54,281 - GestureControl - INFO - Action: screenshot - SUCCESS
2026-02-16 21:16:54,665 - GestureControl - INFO - Action: screenshot - SUCCESS
2026-02-16 21:16:54,976 - GestureControl - INFO - Action: screenshot - SUCCESS
2026-02-16 21:16:55,327 - GestureControl - INFO - Action: screenshot - SUCCESS
2026-02-16 21:16:55,520 - GestureControl - INFO - Action: mouse_move - SUCCESS
2026-02-16 21:16:55,751 - GestureControl - INFO - Action: screenshot - SUCCESS
2026-02-16 21:16:56,090 - GestureControl - INFO - Action: screenshot - SUCCESS
2026-02-16 21:16:56,421 - GestureControl - INFO - Action: screenshot - SUCCESS
2026-02-16 21:16:56,546 - GestureControl - INFO - Action: mouse_move - SUCCESS
2026-02-16 21:16:56,823 - GestureControl - INFO - Action: screenshot - SUCCESS
2026-02-16 21:16:56,905 - GestureControl - INFO - Action: mouse_move - SUCCESS
2026-02-16 21:16:57,195 - GestureControl - INFO - Action: screenshot - SUCCESS
2026-02-16 21:16:57,473 - GestureControl - INFO - Action: screenshot - SUCCESS
2026-02-16 21:16:57,811 - GestureControl - INFO - Action: screenshot - SUCCESS
2026-02-16 21:16:58,094 - GestureControl - INFO - Action: screenshot - SUCCESS
2026-02-16 21:16:58,273 - GestureControl - INFO - Action: mouse_move - SUCCESS
2026-02-16 21:16:58,481 - GestureControl - INFO - Action: screenshot - SUCCESS
2026-02-16 21:16:58,844 - GestureControl - INFO - Action: screenshot - SUCCESS
2026-02-16 21:16:59,130 - GestureControl - INFO - Action: screenshot - SUCCESS
2026-02-16 21:16:59,476 - GestureControl - INFO - Action: screenshot - SUCCESS
2026-02-16 21:16:59,844 - GestureControl - INFO - Action: screenshot - SUCCESS
2026-02-16 21:17:00,183 - GestureControl - INFO - Action: screenshot - SUCCESS
2026-02-16 21:17:00,515 - GestureControl - INFO - Action: screenshot - SUCCESS
2026-02-16 21:17:00,844 - GestureControl - INFO - Action: screenshot - SUCCESS
2026-02-16 21:17:01,201 - GestureControl - INFO - Action: screenshot - SUCCESS
2026-02-16 21:17:01,310 - GestureControl - INFO - Action: mouse_move - SUCCESS
2026-02-16 21:17:01,581 - GestureControl - INFO - Action: screenshot - SUCCESS
2026-02-16 21:17:01,941 - GestureControl - INFO - Action: screenshot - SUCCESS
2026-02-16 21:17:02,276 - GestureControl - INFO - Action: screenshot - SUCCESS
2026-02-16 21:17:02,560 - GestureControl - INFO - Action: screenshot - SUCCESS
2026-02-16 21:17:03,002 - GestureControl - INFO - Action: screenshot - SUCCESS
2026-02-16 21:17:03,338 - GestureControl - INFO - Action: screenshot - SUCCESS
2026-02-16 21:17:03,614 - GestureControl - INFO - Action: screenshot - SUCCESS
2026-02-16 21:17:04,003 - GestureControl - INFO - Action: screenshot - SUCCESS
2026-02-16 21:17:04,314 - GestureControl - INFO - Action: screenshot - SUCCESS
2026-02-16 21:17:04,627 - GestureControl - INFO - Action: screenshot - SUCCESS
2026-02-16 21:17:04,957 - GestureControl - INFO - Action: screenshot - SUCCESS
2026-02-16 21:17:05,257 - GestureControl - INFO - Action: screenshot - SUCCESS
2026-02-16 21:17:05,634 - GestureControl - INFO - Action: screenshot - SUCCESS
2026-02-16 21:17:05,928 - GestureControl - INFO - Action: screenshot - SUCCESS
2026-02-16 21:17:06,235 - GestureControl - INFO - Action: screenshot - SUCCESS
2026-02-16 21:17:06,544 - GestureControl - INFO - Action: screenshot - SUCCESS
2026-02-16 21:17:06,897 - GestureControl - INFO - Action: screenshot - SUCCESS
2026-02-16 21:17:07,191 - GestureControl - INFO - Action: screenshot - SUCCESS
2026-02-16 21:17:07,511 - GestureControl - INFO - Action: screenshot - SUCCESS
2026-02-16 21:17:07,817 - GestureControl - INFO - Action: screenshot - SUCCESS
2026-02-16 21:17:08,195 - GestureControl - INFO - Action: screenshot - SUCCESS
2026-02-16 21:17:08,471 - GestureControl - INFO - Action: screenshot - SUCCESS
2026-02-16 21:17:08,786 - GestureControl - INFO - Action: screenshot - SUCCESS
2026-02-16 21:17:09,108 - GestureControl - INFO - Action: screenshot - SUCCESS
2026-02-16 21:17:09,422 - GestureControl - INFO - Action: screenshot - SUCCESS
2026-02-16 21:17:09,714 - GestureControl - INFO - Action: screenshot - SUCCESS
2026-02-16 21:17:10,052 - GestureControl - INFO - Action: screenshot - SUCCESS
2026-02-16 21:17:10,363 - GestureControl - INFO - Action: screenshot - SUCCESS
2026-02-16 21:17:10,667 - GestureControl - INFO - Action: screenshot - SUCCESS
2026-02-16 21:17:10,979 - GestureControl - INFO - Action: screenshot - SUCCESS
2026-02-16 21:17:11,308 - GestureControl - INFO - Action: screenshot - SUCCESS
2026-02-16 21:17:11,617 - GestureControl - INFO - Action: screenshot - SUCCESS
2026-02-16 21:17:11,925 - GestureControl - INFO - Action: screenshot - SUCCESS
2026-02-16 21:17:12,243 - GestureControl - INFO - Action: screenshot - SUCCESS
2026-02-16 21:17:12,328 - GestureControl - INFO - Action: mouse_move - SUCCESS
2026-02-16 21:17:12,593 - GestureControl - INFO - Action: screenshot - SUCCESS
2026-02-16 21:17:12,883 - GestureControl - INFO - Action: screenshot - SUCCESS
2026-02-16 21:18:26,298 - GestureControl - INFO - Action: screenshot - SUCCESS
2026-02-16 21:18:26,877 - GestureControl - INFO - Action: screenshot - SUCCESS
2026-02-16 21:18:27,890 - GestureControl - INFO - Action: screenshot - SUCCESS
2026-02-16 21:18:28,271 - GestureControl - INFO - Action: screenshot - SUCCESS
2026-02-16 21:20:36,369 - GestureControl - INFO - Cleaning up...
2026-02-16 21:20:36,961 - GestureControl - INFO - GestureControl stopped.
2026-02-16 21:21:05,366 - GestureControl - INFO - ==================================================
2026-02-16 21:21:05,367 - GestureControl - INFO - GestureControl Starting...
2026-02-16 21:21:05,367 - GestureControl - INFO - ==================================================
2026-02-16 21:21:14,308 - GestureControl - INFO - Camera opened successfully
2026-02-16 21:21:14,308 - GestureControl - INFO - Starting gesture recognition...
2026-02-16 21:21:20,002 - GestureControl - INFO - Action: mouse_move - SUCCESS
2026-02-16 21:21:20,327 - GestureControl - INFO - Action: mouse_move - SUCCESS
2026-02-16 21:21:20,636 - GestureControl - INFO - Action: mouse_move - SUCCESS
2026-02-16 21:21:20,931 - GestureControl - INFO - Action: mouse_move - SUCCESS
2026-02-16 21:21:21,244 - GestureControl - INFO - Action: mouse_move - SUCCESS
2026-02-16 21:21:21,568 - GestureControl - INFO - Action: mouse_move - SUCCESS
2026-02-16 21:21:21,879 - GestureControl - INFO - Action: mouse_move - SUCCESS
2026-02-16 21:21:22,189 - GestureControl - INFO - Action: mouse_move - SUCCESS
2026-02-16 21:21:22,500 - GestureControl - INFO - Action: mouse_move - SUCCESS
2026-02-16 21:21:22,824 - GestureControl - INFO - Action: mouse_move - SUCCESS
2026-02-16 21:21:23,137 - GestureControl - INFO - Action: mouse_move - SUCCESS
2026-02-16 21:21:23,447 - GestureControl - INFO - Action: mouse_move - SUCCESS
2026-02-16 21:21:23,791 - GestureControl - INFO - Action: mouse_move - SUCCESS
2026-02-16 21:21:24,118 - GestureControl - INFO - Action: mouse_move - SUCCESS
2026-02-16 21:21:24,445 - GestureControl - INFO - Action: mouse_move - SUCCESS
2026-02-16 21:21:24,754 - GestureControl - INFO - Action: mouse_move - SUCCESS
2026-02-16 21:21:25,052 - GestureControl - INFO - Action: mouse_move - SUCCESS
2026-02-16 21:21:25,379 - GestureControl - INFO - Action: mouse_move - SUCCESS
2026-02-16 21:21:25,676 - GestureControl - INFO - Action: mouse_move - SUCCESS
2026-02-16 21:21:25,986 - GestureControl - INFO - Action: mouse_move - SUCCESS
2026-02-16 21:21:26,314 - GestureControl - INFO - Action: mouse_move - SUCCESS
2026-02-16 21:21:26,625 - GestureControl - INFO - Action: mouse_move - SUCCESS
2026-02-16 21:21:26,934 - GestureControl - INFO - Action: mouse_move - SUCCESS
2026-02-16 21:21:27,064 - GestureControl - INFO - Action: scroll_down - FAILED
2026-02-16 21:21:28,264 - GestureControl - INFO - Action: left_click - SUCCESS
2026-02-16 21:21:28,561 - GestureControl - INFO - Action: left_click - SUCCESS
2026-02-16 21:21:30,382 - GestureControl - INFO - Action: right_click - SUCCESS
2026-02-16 21:21:30,476 - GestureControl - INFO - Action: mouse_move - SUCCESS
2026-02-16 21:21:30,782 - GestureControl - INFO - Action: right_click - SUCCESS
2026-02-16 21:21:32,844 - GestureControl - INFO - Action: left_click - SUCCESS
2026-02-16 21:21:33,157 - GestureControl - INFO - Action: left_click - SUCCESS
2026-02-16 21:21:33,482 - GestureControl - INFO - Action: left_click - SUCCESS
2026-02-16 21:21:33,802 - GestureControl - INFO - Action: left_click - SUCCESS
2026-02-16 21:21:34,108 - GestureControl - INFO - Action: left_click - SUCCESS
2026-02-16 21:21:34,414 - GestureControl - INFO - Action: left_click - SUCCESS
2026-02-16 21:21:34,743 - GestureControl - INFO - Action: left_click - SUCCESS
2026-02-16 21:21:35,056 - GestureControl - INFO - Action: left_click - SUCCESS
2026-02-16 21:21:35,395 - GestureControl - INFO - Action: left_click - SUCCESS
2026-02-16 21:21:35,735 - GestureControl - INFO - Action: left_click - SUCCESS
2026-02-16 21:21:37,241 - GestureControl - INFO - Action: left_click - SUCCESS
2026-02-16 21:21:37,979 - GestureControl - INFO - Action: left_click - SUCCESS
2026-02-16 21:21:38,291 - GestureControl - INFO - Action: left_click - SUCCESS
2026-02-16 21:21:39,182 - GestureControl - INFO - Action: left_click - SUCCESS
2026-02-16 21:21:39,485 - GestureControl - INFO - Action: left_click - SUCCESS
2026-02-16 21:21:39,787 - GestureControl - INFO - Action: left_click - SUCCESS
2026-02-16 21:21:40,125 - GestureControl - INFO - Action: left_click - SUCCESS
2026-02-16 21:21:40,458 - GestureControl - INFO - Action: left_click - SUCCESS
2026-02-16 21:21:41,325 - GestureControl - INFO - Action: right_click - SUCCESS
2026-02-16 21:21:41,408 - GestureControl - INFO - Action: mouse_move - SUCCESS
2026-02-16 21:21:41,722 - GestureControl - INFO - Action: mouse_move - SUCCESS
2026-02-16 21:21:42,023 - GestureControl - INFO - Action: right_click - SUCCESS
2026-02-16 21:21:42,606 - GestureControl - INFO - Action: mouse_move - SUCCESS
2026-02-16 21:21:42,866 - GestureControl - INFO - Action: right_click - SUCCESS
2026-02-16 21:21:43,075 - GestureControl - INFO - Action: mouse_move - SUCCESS
2026-02-16 21:21:43,221 - GestureControl - INFO - Action: right_click - SUCCESS
2026-02-16 21:21:44,679 - GestureControl - INFO - Action: mouse_move - SUCCESS
2026-02-16 21:21:44,989 - GestureControl - INFO - Action: mouse_move - SUCCESS
2026-02-16 21:21:45,316 - GestureControl - INFO - Action: mouse_move - SUCCESS
2026-02-16 21:21:45,612 - GestureControl - INFO - Action: mouse_move - SUCCESS
2026-02-16 21:21:45,907 - GestureControl - INFO - Action: mouse_move - SUCCESS
2026-02-16 21:21:46,217 - GestureControl - INFO - Action: mouse_move - SUCCESS
2026-02-16 21:21:46,542 - GestureControl - INFO - Action: mouse_move - SUCCESS
2026-02-16 21:21:47,816 - GestureControl - INFO - Action: left_click - SUCCESS
2026-02-16 21:21:48,148 - GestureControl - INFO - Action: left_click - SUCCESS
2026-02-16 21:21:50,187 - GestureControl - INFO - Action: mouse_move - SUCCESS
2026-02-16 21:21:50,512 - GestureControl - INFO - Action: mouse_move - SUCCESS
2026-02-16 21:21:56,752 - GestureControl - INFO - Action: scroll_up - FAILED
2026-02-16 21:22:00,026 - GestureControl - INFO - Action: mouse_move - SUCCESS
2026-02-16 21:22:02,598 - GestureControl - INFO - Action: mouse_move - SUCCESS
2026-02-16 21:22:03,438 - GestureControl - INFO - Action: mouse_move - SUCCESS
2026-02-16 21:22:10,992 - GestureControl - INFO - Cleaning up...
2026-02-16 21:22:11,329 - GestureControl - INFO - GestureControl stopped.
